  Main.cpp
C:\Users\sanch\Desktop\Monkey_D_Type_V7\Monkey_D_Type_V6.5\Monkey_D_Type_V5\Monkey_D_Type\Main.cpp(105,72): warning C4244: 'argument' : conversion de 'T' en 'T', perte possible de données
          with
          [
              T=int
          ]
          and
          [
              T=float
          ]
C:\Users\sanch\Desktop\Monkey_D_Type_V7\Monkey_D_Type_V6.5\Monkey_D_Type_V5\Monkey_D_Type\Main.cpp(105,55): warning C4244: 'argument' : conversion de 'T' en 'T', perte possible de données
          with
          [
              T=int
          ]
          and
          [
              T=float
          ]
C:\Users\sanch\Desktop\Monkey_D_Type_V7\Monkey_D_Type_V6.5\Monkey_D_Type_V5\Monkey_D_Type\Main.cpp(111,73): warning C4244: 'argument' : conversion de 'T' en 'T', perte possible de données
          with
          [
              T=int
          ]
          and
          [
              T=float
          ]
C:\Users\sanch\Desktop\Monkey_D_Type_V7\Monkey_D_Type_V6.5\Monkey_D_Type_V5\Monkey_D_Type\Main.cpp(111,56): warning C4244: 'argument' : conversion de 'T' en 'T', perte possible de données
          with
          [
              T=int
          ]
          and
          [
              T=float
          ]
C:\Users\sanch\Desktop\Monkey_D_Type_V7\Monkey_D_Type_V6.5\Monkey_D_Type_V5\Monkey_D_Type\Main.cpp(122,74): warning C4244: 'argument' : conversion de 'T' en 'T', perte possible de données
          with
          [
              T=int
          ]
          and
          [
              T=float
          ]
C:\Users\sanch\Desktop\Monkey_D_Type_V7\Monkey_D_Type_V6.5\Monkey_D_Type_V5\Monkey_D_Type\Main.cpp(122,57): warning C4244: 'argument' : conversion de 'T' en 'T', perte possible de données
          with
          [
              T=int
          ]
          and
          [
              T=float
          ]
C:\Users\sanch\Desktop\Monkey_D_Type_V7\Monkey_D_Type_V6.5\Monkey_D_Type_V5\Monkey_D_Type\Main.cpp(135,75): warning C4244: 'argument' : conversion de 'T' en 'T', perte possible de données
          with
          [
              T=int
          ]
          and
          [
              T=float
          ]
C:\Users\sanch\Desktop\Monkey_D_Type_V7\Monkey_D_Type_V6.5\Monkey_D_Type_V5\Monkey_D_Type\Main.cpp(135,58): warning C4244: 'argument' : conversion de 'T' en 'T', perte possible de données
          with
          [
              T=int
          ]
          and
          [
              T=float
          ]
  Monkey_D_Type.vcxproj -> C:\Users\sanch\Desktop\Monkey_D_Type_V7\Monkey_D_Type_V6.5\Monkey_D_Type_V5\x64\Debug\Monkey_D_Type.exe
